<?xml version="1.0" ?>
<!DOCTYPE coverage SYSTEM "http://cobertura.sourceforge.net/xml/coverage-04.dtd">
<coverage lines-valid="49" lines-covered="24" line-rate="0.48979999999999996" branches-valid="12" branches-covered="6" branch-rate="0.5" timestamp="1585745285765" complexity="0" version="0.1">
  <sources>
    <source>/home/isaacsilva/Angular/marvelWeb/marvelweb</source>
  </sources>
  <packages>
    <package name="src" line-rate="1" branch-rate="1">
      <classes>
        <class name="polyfills.ts" filename="src/polyfills.ts" line-rate="0" branch-rate="0">
          <methods>
          </methods>
          <lines>
          </lines>
        </class>
        <class name="test.ts" filename="src/test.ts" line-rate="1" branch-rate="1">
          <methods>
          </methods>
          <lines>
            <line number="18" hits="1" branch="false"/>
            <line number="23" hits="1" branch="false"/>
            <line number="25" hits="1" branch="false"/>
          </lines>
        </class>
      </classes>
    </package>
    <package name="src.app" line-rate="1" branch-rate="1">
      <classes>
        <class name="app.component.ts" filename="src/app/app.component.ts" line-rate="1" branch-rate="1">
          <methods>
            <method name="(anonymous_0)" hits="2" signature="()V">
              <lines>
                <line number="9" hits="2"/>
              </lines>
            </method>
          </methods>
          <lines>
            <line number="9" hits="1" branch="false"/>
            <line number="10" hits="2" branch="false"/>
          </lines>
        </class>
      </classes>
    </package>
    <package name="src.app.components.details" line-rate="1" branch-rate="1">
      <classes>
        <class name="details.component.ts" filename="src/app/components/details/details.component.ts" line-rate="1" branch-rate="1">
          <methods>
            <method name="(anonymous_0)" hits="1" signature="()V">
              <lines>
                <line number="10" hits="1"/>
              </lines>
            </method>
            <method name="(anonymous_1)" hits="1" signature="()V">
              <lines>
                <line number="12" hits="1"/>
              </lines>
            </method>
          </methods>
          <lines>
            <line number="8" hits="1" branch="false"/>
          </lines>
        </class>
      </classes>
    </package>
    <package name="src.app.components.error404" line-rate="1" branch-rate="1">
      <classes>
        <class name="error404.component.ts" filename="src/app/components/error404/error404.component.ts" line-rate="1" branch-rate="1">
          <methods>
            <method name="(anonymous_0)" hits="1" signature="()V">
              <lines>
                <line number="10" hits="1"/>
              </lines>
            </method>
            <method name="(anonymous_1)" hits="1" signature="()V">
              <lines>
                <line number="12" hits="1"/>
              </lines>
            </method>
          </methods>
          <lines>
            <line number="8" hits="1" branch="false"/>
          </lines>
        </class>
      </classes>
    </package>
    <package name="src.app.components.filter" line-rate="0.2727" branch-rate="0">
      <classes>
        <class name="filter.component.ts" filename="src/app/components/filter/filter.component.ts" line-rate="0.2727" branch-rate="0">
          <methods>
            <method name="(anonymous_0)" hits="2" signature="()V">
              <lines>
                <line number="18" hits="2"/>
              </lines>
            </method>
            <method name="(anonymous_1)" hits="2" signature="()V">
              <lines>
                <line number="16" hits="2"/>
              </lines>
            </method>
            <method name="(anonymous_2)" hits="0" signature="()V">
              <lines>
                <line number="22" hits="0"/>
              </lines>
            </method>
            <method name="(anonymous_3)" hits="0" signature="()V">
              <lines>
                <line number="32" hits="0"/>
              </lines>
            </method>
          </methods>
          <lines>
            <line number="12" hits="1" branch="false"/>
            <line number="19" hits="2" branch="false"/>
            <line number="20" hits="2" branch="false"/>
            <line number="23" hits="0" branch="false"/>
            <line number="24" hits="0" branch="true" condition-coverage="0% (0/4)"/>
            <line number="25" hits="0" branch="false"/>
            <line number="26" hits="0" branch="false"/>
            <line number="28" hits="0" branch="false"/>
            <line number="33" hits="0" branch="true" condition-coverage="0% (0/2)"/>
            <line number="34" hits="0" branch="false"/>
            <line number="36" hits="0" branch="false"/>
          </lines>
        </class>
      </classes>
    </package>
    <package name="src.app.components.filter.models" line-rate="0" branch-rate="1">
      <classes>
        <class name="Personagem.ts" filename="src/app/components/filter/models/Personagem.ts" line-rate="0" branch-rate="1">
          <methods>
            <method name="(anonymous_0)" hits="0" signature="()V">
              <lines>
                <line number="8" hits="0"/>
              </lines>
            </method>
            <method name="(anonymous_1)" hits="0" signature="()V">
              <lines>
                <line number="11" hits="0"/>
              </lines>
            </method>
            <method name="(anonymous_2)" hits="0" signature="()V">
              <lines>
                <line number="15" hits="0"/>
              </lines>
            </method>
            <method name="(anonymous_3)" hits="0" signature="()V">
              <lines>
                <line number="18" hits="0"/>
              </lines>
            </method>
            <method name="(anonymous_4)" hits="0" signature="()V">
              <lines>
                <line number="22" hits="0"/>
              </lines>
            </method>
            <method name="(anonymous_5)" hits="0" signature="()V">
              <lines>
                <line number="25" hits="0"/>
              </lines>
            </method>
            <method name="(anonymous_6)" hits="0" signature="()V">
              <lines>
                <line number="29" hits="0"/>
              </lines>
            </method>
            <method name="(anonymous_7)" hits="0" signature="()V">
              <lines>
                <line number="32" hits="0"/>
              </lines>
            </method>
          </methods>
          <lines>
            <line number="9" hits="0" branch="false"/>
            <line number="12" hits="0" branch="false"/>
            <line number="16" hits="0" branch="false"/>
            <line number="19" hits="0" branch="false"/>
            <line number="23" hits="0" branch="false"/>
            <line number="26" hits="0" branch="false"/>
            <line number="30" hits="0" branch="false"/>
            <line number="33" hits="0" branch="false"/>
          </lines>
        </class>
      </classes>
    </package>
    <package name="src.app.components.filter.services" line-rate="0.1818" branch-rate="1">
      <classes>
        <class name="filter.service.ts" filename="src/app/components/filter/services/filter.service.ts" line-rate="0.1818" branch-rate="1">
          <methods>
            <method name="(anonymous_0)" hits="4" signature="()V">
              <lines>
                <line number="26" hits="4"/>
              </lines>
            </method>
            <method name="(anonymous_1)" hits="0" signature="()V">
              <lines>
                <line number="12" hits="0"/>
              </lines>
            </method>
            <method name="(anonymous_2)" hits="0" signature="()V">
              <lines>
                <line number="16" hits="0"/>
              </lines>
            </method>
          </methods>
          <lines>
            <line number="10" hits="1" branch="false"/>
            <line number="13" hits="0" branch="false"/>
            <line number="14" hits="0" branch="false"/>
            <line number="15" hits="0" branch="false"/>
            <line number="17" hits="0" branch="false"/>
            <line number="18" hits="0" branch="false"/>
            <line number="19" hits="0" branch="false"/>
            <line number="20" hits="0" branch="false"/>
            <line number="21" hits="0" branch="false"/>
            <line number="23" hits="0" branch="false"/>
            <line number="26" hits="4" branch="false"/>
          </lines>
        </class>
      </classes>
    </package>
    <package name="src.app.components.login" line-rate="1" branch-rate="1">
      <classes>
        <class name="login.component.ts" filename="src/app/components/login/login.component.ts" line-rate="1" branch-rate="1">
          <methods>
            <method name="(anonymous_0)" hits="3" signature="()V">
              <lines>
                <line number="18" hits="3"/>
              </lines>
            </method>
            <method name="(anonymous_1)" hits="3" signature="()V">
              <lines>
                <line number="22" hits="3"/>
              </lines>
            </method>
            <method name="(anonymous_2)" hits="2" signature="()V">
              <lines>
                <line number="25" hits="2"/>
              </lines>
            </method>
          </methods>
          <lines>
            <line number="11" hits="1" branch="false"/>
            <line number="13" hits="3" branch="false"/>
            <line number="19" hits="3" branch="false"/>
            <line number="20" hits="3" branch="false"/>
            <line number="26" hits="2" branch="false"/>
            <line number="27" hits="2" branch="true" condition-coverage="100% (2/2)"/>
            <line number="28" hits="1" branch="false"/>
            <line number="30" hits="1" branch="false"/>
          </lines>
        </class>
      </classes>
    </package>
    <package name="src.app.components.login.services" line-rate="1" branch-rate="1">
      <classes>
        <class name="login.service.ts" filename="src/app/components/login/services/login.service.ts" line-rate="1" branch-rate="1">
          <methods>
            <method name="(anonymous_0)" hits="4" signature="()V">
              <lines>
                <line number="9" hits="4"/>
              </lines>
            </method>
            <method name="(anonymous_1)" hits="2" signature="()V">
              <lines>
                <line number="10" hits="2"/>
              </lines>
            </method>
          </methods>
          <lines>
            <line number="7" hits="1" branch="false"/>
            <line number="11" hits="2" branch="true" condition-coverage="100% (4/4)"/>
            <line number="12" hits="1" branch="false"/>
            <line number="14" hits="1" branch="false"/>
          </lines>
        </class>
      </classes>
    </package>
  </packages>
</coverage>
